<?xml version="1.0" encoding="UTF-8"?>
<testsuite name="Registro de nuevo usuario en Utest" tests="1" skipped="0" failures="0" errors="0" timestamp="2022-08-05T04:37:28" hostname="DESKTOP-OPNS9OF" time="43.027">
  <properties/>
  <testcase name="Registro de Jose en plataforma Utest" classname="Registro de nuevo usuario en Utest" time="43.027"/>
  <system-out><![CDATA[]]></system-out>
  <system-err><![CDATA[[Test worker] WARN net.thucydides.core.steps.BaseStepListener - stepStarted: net.thucydides.core.steps.ExecutedStepDescription@32587c62
[Test worker] WARN net.thucydides.core.steps.BaseStepListener - stepStarted: net.thucydides.core.steps.ExecutedStepDescription@1a87b147
[Test worker] WARN net.thucydides.core.steps.BaseStepListener - stepStarted: net.thucydides.core.steps.ExecutedStepDescription@7364f6b7
ago 04, 2022 11:37:30 PM org.openqa.selenium.remote.DesiredCapabilities chrome
INFORMACIÓN: Using `new ChromeOptions()` is preferred to `DesiredCapabilities.chrome()`
[Test worker] INFO net.serenitybdd.core.webdriver.driverproviders.ProvideNewDriver - Instantiating driver
[Test worker] INFO net.serenitybdd.core.webdriver.driverproviders.ProvideNewDriver - Driver capabilities: Capabilities {acceptInsecureCerts: false, browserName: chrome, chrome.switches: --start-maximized, goog:chromeOptions: {args: [--start-maximized], extensions: []}, loggingPrefs: org.openqa.selenium.logging..., platform: ANY, version: }
Starting ChromeDriver 103.0.5060.134 (8ec6fce403b3feb0869b0732eda8bd95011d333c-refs/branch-heads/5060@{#1262}) on port 37007
Only local connections are allowed.
Please see https://chromedriver.chromium.org/security-considerations for suggestions on keeping ChromeDriver safe.
ChromeDriver was started successfully.
[1659674268.832][WARNING]: This version of ChromeDriver has not been tested with Chrome version 104.
ago 04, 2022 11:37:54 PM org.openqa.selenium.remote.ProtocolHandshake createSession
INFORMACIÓN: Detected dialect: W3C
[Test worker] WARN net.thucydides.core.steps.BaseStepListener - stepFinished: current outcome:Registro de Jose en plataforma Utest:Given Jose espera aprender mucho de pruebas de software [Jose open up [Jose opens the Page utest]]
[Test worker] WARN net.thucydides.core.steps.BaseStepListener - stepStarted: net.thucydides.core.steps.ExecutedStepDescription@481bd971
[Test worker] WARN net.thucydides.core.steps.BaseStepListener - stepFinished: current outcome:Registro de Jose en plataforma Utest:Given Jose espera aprender mucho de pruebas de software [Jose open up [Jose opens the Page utest, Jose clicks on BotÃ³n para iniciar registro]]
[Test worker] WARN net.thucydides.core.steps.BaseStepListener - stepFinished: current outcome:Registro de Jose en plataforma Utest:Given Jose espera aprender mucho de pruebas de software [Jose open up [Jose opens the Page utest, Jose clicks on BotÃ³n para iniciar registro]]
[Test worker] WARN net.thucydides.core.steps.BaseStepListener - stepFinished: current outcome:Registro de Jose en plataforma Utest:Given Jose espera aprender mucho de pruebas de software [Jose open up [Jose opens the Page utest, Jose clicks on BotÃ³n para iniciar registro]]
[Test worker] WARN net.thucydides.core.steps.BaseStepListener - stepStarted: net.thucydides.core.steps.ExecutedStepDescription@5449a5eb
[Test worker] WARN net.thucydides.core.steps.BaseStepListener - stepFinished: current outcome:Registro de Jose en plataforma Utest:Given Jose espera aprender mucho de pruebas de software [Jose open up [Jose opens the Page utest, Jose clicks on BotÃ³n para iniciar registro]], When Completara el formulario completo con sus datos
[Test worker] WARN net.thucydides.core.steps.BaseStepListener - stepStarted: net.thucydides.core.steps.ExecutedStepDescription@6e717025
[Test worker] WARN net.thucydides.core.steps.BaseStepListener - stepFinished: current outcome:Registro de Jose en plataforma Utest:Given Jose espera aprender mucho de pruebas de software [Jose open up [Jose opens the Page utest, Jose clicks on BotÃ³n para iniciar registro]], When Completara el formulario completo con sus datos, Then Finaliza el registro al completar los formularios
[Test worker] WARN net.thucydides.core.steps.BaseStepListener - testFinished: Registro de Jose en plataforma Utest:Given Jose espera aprender mucho de pruebas de software [Jose open up [Jose opens the Page utest, Jose clicks on BotÃ³n para iniciar registro]], When Completara el formulario completo con sus datos, Then Finaliza el registro al completar los formularios
[Test worker] WARN net.thucydides.core.steps.BaseStepListener - TestOutcomes: [Registro de Jose en plataforma Utest:Given Jose espera aprender mucho de pruebas de software [Jose open up [Jose opens the Page utest, Jose clicks on BotÃ³n para iniciar registro]], When Completara el formulario completo con sus datos, Then Finaliza el registro al completar los formularios]
[Test worker] WARN net.thucydides.core.steps.BaseStepListener - Final testOutcomes: [Registro de Jose en plataforma Utest:Given Jose espera aprender mucho de pruebas de software [Jose open up [Jose opens the Page utest, Jose clicks on BotÃ³n para iniciar registro]], When Completara el formulario completo con sus datos, Then Finaliza el registro al completar los formularios]
[Test worker] INFO net.thucydides.core.steps.ConsoleLoggingListener - 
        __    _____ _____ ____ _____   ____   _    ____  ____  _____ ____  
  _     \ \  |_   _| ____/ ___|_   _| |  _ \ / \  / ___|/ ___|| ____|  _ \ 
 (_)_____| |   | | |  _| \___ \ | |   | |_) / _ \ \___ \\___ \|  _| | | | |
  _|_____| |   | | | |___ ___) || |   |  __/ ___ \ ___) |___) | |___| |_| |
 (_)     | |   |_| |_____|____/ |_|   |_| /_/   \_\____/|____/|_____|____/ 
        /_/                                                                

TEST PASSED: Registro de Jose en plataforma Utest
----------------------------------------------------------------------------
]]></system-err>
</testsuite>
