<?xml version="1.0" encoding="UTF-8"?>
<testsuite name="Registro de nuevo usuario en Utest" tests="1" skipped="0" failures="0" errors="0" timestamp="2022-08-05T05:27:23" hostname="DESKTOP-OPNS9OF" time="33.475">
  <properties/>
  <testcase name="Registro de Jose en plataforma Utest" classname="Registro de nuevo usuario en Utest" time="33.475"/>
  <system-out><![CDATA[]]></system-out>
  <system-err><![CDATA[[Test worker] WARN net.thucydides.core.steps.BaseStepListener - stepStarted: net.thucydides.core.steps.ExecutedStepDescription@1af541f6
[Test worker] WARN net.thucydides.core.steps.BaseStepListener - stepStarted: net.thucydides.core.steps.ExecutedStepDescription@54c5ae17
[Test worker] WARN net.thucydides.core.steps.BaseStepListener - stepStarted: net.thucydides.core.steps.ExecutedStepDescription@2d52950d
ago 05, 2022 12:27:24 AM org.openqa.selenium.remote.DesiredCapabilities chrome
INFORMACIÓN: Using `new ChromeOptions()` is preferred to `DesiredCapabilities.chrome()`
[Test worker] INFO net.serenitybdd.core.webdriver.driverproviders.ProvideNewDriver - Instantiating driver
[Test worker] INFO net.serenitybdd.core.webdriver.driverproviders.ProvideNewDriver - Driver capabilities: Capabilities {acceptInsecureCerts: false, browserName: chrome, chrome.switches: --start-maximized, goog:chromeOptions: {args: [--start-maximized], extensions: []}, loggingPrefs: org.openqa.selenium.logging..., platform: ANY, version: }
Starting ChromeDriver 103.0.5060.134 (8ec6fce403b3feb0869b0732eda8bd95011d333c-refs/branch-heads/5060@{#1262}) on port 27675
Only local connections are allowed.
Please see https://chromedriver.chromium.org/security-considerations for suggestions on keeping ChromeDriver safe.
ChromeDriver was started successfully.
[1659677250.398][WARNING]: This version of ChromeDriver has not been tested with Chrome version 104.
ago 05, 2022 12:27:30 AM org.openqa.selenium.remote.ProtocolHandshake createSession
INFORMACIÓN: Detected dialect: W3C
[Test worker] WARN net.thucydides.core.steps.BaseStepListener - stepFinished: current outcome:Registro de Jose en plataforma Utest:Given Jose espera aprender mucho de pruebas de software [Jose open up [Jose opens the Page utest]]
[Test worker] WARN net.thucydides.core.steps.BaseStepListener - stepStarted: net.thucydides.core.steps.ExecutedStepDescription@44cc6b35
[Test worker] WARN net.thucydides.core.steps.BaseStepListener - stepFinished: current outcome:Registro de Jose en plataforma Utest:Given Jose espera aprender mucho de pruebas de software [Jose open up [Jose opens the Page utest, Jose clicks on BotÃ³n para iniciar registro]]
[Test worker] WARN net.thucydides.core.steps.BaseStepListener - stepFinished: current outcome:Registro de Jose en plataforma Utest:Given Jose espera aprender mucho de pruebas de software [Jose open up [Jose opens the Page utest, Jose clicks on BotÃ³n para iniciar registro]]
[Test worker] WARN net.thucydides.core.steps.BaseStepListener - stepFinished: current outcome:Registro de Jose en plataforma Utest:Given Jose espera aprender mucho de pruebas de software [Jose open up [Jose opens the Page utest, Jose clicks on BotÃ³n para iniciar registro]]
[Test worker] WARN net.thucydides.core.steps.BaseStepListener - stepStarted: net.thucydides.core.steps.ExecutedStepDescription@2d8d5187
[Test worker] WARN net.thucydides.core.steps.BaseStepListener - stepStarted: net.thucydides.core.steps.ExecutedStepDescription@428368c0
[Test worker] WARN net.thucydides.core.steps.BaseStepListener - stepStarted: net.thucydides.core.steps.ExecutedStepDescription@74fb0b6e
[Test worker] WARN net.thucydides.core.steps.BaseStepListener - stepFinished: current outcome:Registro de Jose en plataforma Utest:Given Jose espera aprender mucho de pruebas de software [Jose open up [Jose opens the Page utest, Jose clicks on BotÃ³n para iniciar registro]], When Completara el formulario completo con sus datos
| strFirstName | strLastName | strEmail | strBirthMonth | strBirthDay | strBirthYear |
| Lionel | Messi | messi10@gmail.com | December | 14 | 1987 | [Jose llenar info personal [Jose enters 'Lionel' into First name]]
[Test worker] WARN net.thucydides.core.steps.BaseStepListener - stepStarted: net.thucydides.core.steps.ExecutedStepDescription@414fab75
[Test worker] WARN net.thucydides.core.steps.BaseStepListener - stepFinished: current outcome:Registro de Jose en plataforma Utest:Given Jose espera aprender mucho de pruebas de software [Jose open up [Jose opens the Page utest, Jose clicks on BotÃ³n para iniciar registro]], When Completara el formulario completo con sus datos
| strFirstName | strLastName | strEmail | strBirthMonth | strBirthDay | strBirthYear |
| Lionel | Messi | messi10@gmail.com | December | 14 | 1987 | [Jose llenar info personal [Jose enters 'Lionel' into First name, Jose enters 'Messi' into Last name]]
[Test worker] WARN net.thucydides.core.steps.BaseStepListener - stepStarted: net.thucydides.core.steps.ExecutedStepDescription@65ba16e4
[Test worker] WARN net.thucydides.core.steps.BaseStepListener - stepFinished: current outcome:Registro de Jose en plataforma Utest:Given Jose espera aprender mucho de pruebas de software [Jose open up [Jose opens the Page utest, Jose clicks on BotÃ³n para iniciar registro]], When Completara el formulario completo con sus datos
| strFirstName | strLastName | strEmail | strBirthMonth | strBirthDay | strBirthYear |
| Lionel | Messi | messi10@gmail.com | December | 14 | 1987 | [Jose llenar info personal [Jose enters 'Lionel' into First name, Jose enters 'Messi' into Last name, Jose enters 'messi10@gmail.com' into Email]]
[Test worker] WARN net.thucydides.core.steps.BaseStepListener - stepStarted: net.thucydides.core.steps.ExecutedStepDescription@f9e615e
[Test worker] WARN net.thucydides.core.steps.BaseStepListener - stepFinished: current outcome:Registro de Jose en plataforma Utest:Given Jose espera aprender mucho de pruebas de software [Jose open up [Jose opens the Page utest, Jose clicks on BotÃ³n para iniciar registro]], When Completara el formulario completo con sus datos
| strFirstName | strLastName | strEmail | strBirthMonth | strBirthDay | strBirthYear |
| Lionel | Messi | messi10@gmail.com | December | 14 | 1987 | [Jose llenar info personal [Jose enters 'Lionel' into First name, Jose enters 'Messi' into Last name, Jose enters 'messi10@gmail.com' into Email, Jose select December on Birth Month]]
[Test worker] WARN net.thucydides.core.steps.BaseStepListener - stepStarted: net.thucydides.core.steps.ExecutedStepDescription@5f33bb53
[Test worker] WARN net.thucydides.core.steps.BaseStepListener - stepFinished: current outcome:Registro de Jose en plataforma Utest:Given Jose espera aprender mucho de pruebas de software [Jose open up [Jose opens the Page utest, Jose clicks on BotÃ³n para iniciar registro]], When Completara el formulario completo con sus datos
| strFirstName | strLastName | strEmail | strBirthMonth | strBirthDay | strBirthYear |
| Lionel | Messi | messi10@gmail.com | December | 14 | 1987 | [Jose llenar info personal [Jose enters 'Lionel' into First name, Jose enters 'Messi' into Last name, Jose enters 'messi10@gmail.com' into Email, Jose select December on Birth Month, Jose select 14 on Birth Day]]
[Test worker] WARN net.thucydides.core.steps.BaseStepListener - stepStarted: net.thucydides.core.steps.ExecutedStepDescription@37fd28dd
[Test worker] WARN net.thucydides.core.steps.BaseStepListener - stepFinished: current outcome:Registro de Jose en plataforma Utest:Given Jose espera aprender mucho de pruebas de software [Jose open up [Jose opens the Page utest, Jose clicks on BotÃ³n para iniciar registro]], When Completara el formulario completo con sus datos
| strFirstName | strLastName | strEmail | strBirthMonth | strBirthDay | strBirthYear |
| Lionel | Messi | messi10@gmail.com | December | 14 | 1987 | [Jose llenar info personal [Jose enters 'Lionel' into First name, Jose enters 'Messi' into Last name, Jose enters 'messi10@gmail.com' into Email, Jose select December on Birth Month, Jose select 14 on Birth Day, Jose select 1987 on Birth Year]]
[Test worker] WARN net.thucydides.core.steps.BaseStepListener - stepStarted: net.thucydides.core.steps.ExecutedStepDescription@74733b88
[Test worker] WARN net.thucydides.core.steps.BaseStepListener - stepFinished: current outcome:Registro de Jose en plataforma Utest:Given Jose espera aprender mucho de pruebas de software [Jose open up [Jose opens the Page utest, Jose clicks on BotÃ³n para iniciar registro]], When Completara el formulario completo con sus datos
| strFirstName | strLastName | strEmail | strBirthMonth | strBirthDay | strBirthYear |
| Lionel | Messi | messi10@gmail.com | December | 14 | 1987 | [Jose llenar info personal [Jose enters 'Lionel' into First name, Jose enters 'Messi' into Last name, Jose enters 'messi10@gmail.com' into Email, Jose select December on Birth Month, Jose select 14 on Birth Day, Jose select 1987 on Birth Year, Jose clicks on Button next]]
[Test worker] WARN net.thucydides.core.steps.BaseStepListener - stepFinished: current outcome:Registro de Jose en plataforma Utest:Given Jose espera aprender mucho de pruebas de software [Jose open up [Jose opens the Page utest, Jose clicks on BotÃ³n para iniciar registro]], When Completara el formulario completo con sus datos
| strFirstName | strLastName | strEmail | strBirthMonth | strBirthDay | strBirthYear |
| Lionel | Messi | messi10@gmail.com | December | 14 | 1987 | [Jose llenar info personal [Jose enters 'Lionel' into First name, Jose enters 'Messi' into Last name, Jose enters 'messi10@gmail.com' into Email, Jose select December on Birth Month, Jose select 14 on Birth Day, Jose select 1987 on Birth Year, Jose clicks on Button next]]
[Test worker] WARN net.thucydides.core.steps.BaseStepListener - stepFinished: current outcome:Registro de Jose en plataforma Utest:Given Jose espera aprender mucho de pruebas de software [Jose open up [Jose opens the Page utest, Jose clicks on BotÃ³n para iniciar registro]], When Completara el formulario completo con sus datos
| strFirstName | strLastName | strEmail | strBirthMonth | strBirthDay | strBirthYear |
| Lionel | Messi | messi10@gmail.com | December | 14 | 1987 | [Jose llenar info personal [Jose enters 'Lionel' into First name, Jose enters 'Messi' into Last name, Jose enters 'messi10@gmail.com' into Email, Jose select December on Birth Month, Jose select 14 on Birth Day, Jose select 1987 on Birth Year, Jose clicks on Button next]]
[Test worker] WARN net.thucydides.core.steps.BaseStepListener - stepStarted: net.thucydides.core.steps.ExecutedStepDescription@2cbbcc15
[Test worker] WARN net.thucydides.core.steps.BaseStepListener - stepFinished: current outcome:Registro de Jose en plataforma Utest:Given Jose espera aprender mucho de pruebas de software [Jose open up [Jose opens the Page utest, Jose clicks on BotÃ³n para iniciar registro]], When Completara el formulario completo con sus datos
| strFirstName | strLastName | strEmail | strBirthMonth | strBirthDay | strBirthYear |
| Lionel | Messi | messi10@gmail.com | December | 14 | 1987 | [Jose llenar info personal [Jose enters 'Lionel' into First name, Jose enters 'Messi' into Last name, Jose enters 'messi10@gmail.com' into Email, Jose select December on Birth Month, Jose select 14 on Birth Day, Jose select 1987 on Birth Year, Jose clicks on Button next]], Then Finaliza el registro al completar los formularios
[Test worker] WARN net.thucydides.core.steps.BaseStepListener - testFinished: Registro de Jose en plataforma Utest:Given Jose espera aprender mucho de pruebas de software [Jose open up [Jose opens the Page utest, Jose clicks on BotÃ³n para iniciar registro]], When Completara el formulario completo con sus datos
| strFirstName | strLastName | strEmail | strBirthMonth | strBirthDay | strBirthYear |
| Lionel | Messi | messi10@gmail.com | December | 14 | 1987 | [Jose llenar info personal [Jose enters 'Lionel' into First name, Jose enters 'Messi' into Last name, Jose enters 'messi10@gmail.com' into Email, Jose select December on Birth Month, Jose select 14 on Birth Day, Jose select 1987 on Birth Year, Jose clicks on Button next]], Then Finaliza el registro al completar los formularios
[Test worker] WARN net.thucydides.core.steps.BaseStepListener - TestOutcomes: [Registro de Jose en plataforma Utest:Given Jose espera aprender mucho de pruebas de software [Jose open up [Jose opens the Page utest, Jose clicks on BotÃ³n para iniciar registro]], When Completara el formulario completo con sus datos
| strFirstName | strLastName | strEmail | strBirthMonth | strBirthDay | strBirthYear |
| Lionel | Messi | messi10@gmail.com | December | 14 | 1987 | [Jose llenar info personal [Jose enters 'Lionel' into First name, Jose enters 'Messi' into Last name, Jose enters 'messi10@gmail.com' into Email, Jose select December on Birth Month, Jose select 14 on Birth Day, Jose select 1987 on Birth Year, Jose clicks on Button next]], Then Finaliza el registro al completar los formularios]
[Test worker] WARN net.thucydides.core.steps.BaseStepListener - Final testOutcomes: [Registro de Jose en plataforma Utest:Given Jose espera aprender mucho de pruebas de software [Jose open up [Jose opens the Page utest, Jose clicks on BotÃ³n para iniciar registro]], When Completara el formulario completo con sus datos
| strFirstName | strLastName | strEmail | strBirthMonth | strBirthDay | strBirthYear |
| Lionel | Messi | messi10@gmail.com | December | 14 | 1987 | [Jose llenar info personal [Jose enters 'Lionel' into First name, Jose enters 'Messi' into Last name, Jose enters 'messi10@gmail.com' into Email, Jose select December on Birth Month, Jose select 14 on Birth Day, Jose select 1987 on Birth Year, Jose clicks on Button next]], Then Finaliza el registro al completar los formularios]
[Test worker] INFO net.thucydides.core.steps.ConsoleLoggingListener - 
        __    _____ _____ ____ _____   ____   _    ____  ____  _____ ____  
  _     \ \  |_   _| ____/ ___|_   _| |  _ \ / \  / ___|/ ___|| ____|  _ \ 
 (_)_____| |   | | |  _| \___ \ | |   | |_) / _ \ \___ \\___ \|  _| | | | |
  _|_____| |   | | | |___ ___) || |   |  __/ ___ \ ___) |___) | |___| |_| |
 (_)     | |   |_| |_____|____/ |_|   |_| /_/   \_\____/|____/|_____|____/ 
        /_/                                                                

TEST PASSED: Registro de Jose en plataforma Utest
----------------------------------------------------------------------------
]]></system-err>
</testsuite>
