<?xml version="1.0" encoding="UTF-8"?>
<testsuite name="Registro de nuevo usuario en Utest" tests="1" skipped="0" failures="0" errors="0" timestamp="2022-08-05T05:56:12" hostname="DESKTOP-OPNS9OF" time="59.038">
  <properties/>
  <testcase name="Registro de Jose en plataforma Utest" classname="Registro de nuevo usuario en Utest" time="59.038"/>
  <system-out><![CDATA[]]></system-out>
  <system-err><![CDATA[[Test worker] WARN net.thucydides.core.steps.BaseStepListener - stepStarted: net.thucydides.core.steps.ExecutedStepDescription@1af541f6
[Test worker] WARN net.thucydides.core.steps.BaseStepListener - stepStarted: net.thucydides.core.steps.ExecutedStepDescription@54c5ae17
[Test worker] WARN net.thucydides.core.steps.BaseStepListener - stepStarted: net.thucydides.core.steps.ExecutedStepDescription@2d52950d
ago 05, 2022 12:56:14 AM org.openqa.selenium.remote.DesiredCapabilities chrome
INFORMACIÓN: Using `new ChromeOptions()` is preferred to `DesiredCapabilities.chrome()`
[Test worker] INFO net.serenitybdd.core.webdriver.driverproviders.ProvideNewDriver - Instantiating driver
[Test worker] INFO net.serenitybdd.core.webdriver.driverproviders.ProvideNewDriver - Driver capabilities: Capabilities {acceptInsecureCerts: false, browserName: chrome, chrome.switches: --start-maximized, goog:chromeOptions: {args: [--start-maximized], extensions: []}, loggingPrefs: org.openqa.selenium.logging..., platform: ANY, version: }
Starting ChromeDriver 103.0.5060.134 (8ec6fce403b3feb0869b0732eda8bd95011d333c-refs/branch-heads/5060@{#1262}) on port 15841
Only local connections are allowed.
Please see https://chromedriver.chromium.org/security-considerations for suggestions on keeping ChromeDriver safe.
ChromeDriver was started successfully.
[1659678979.893][WARNING]: This version of ChromeDriver has not been tested with Chrome version 104.
ago 05, 2022 12:56:20 AM org.openqa.selenium.remote.ProtocolHandshake createSession
INFORMACIÓN: Detected dialect: W3C
[Test worker] WARN net.thucydides.core.steps.BaseStepListener - stepFinished: current outcome:Registro de Jose en plataforma Utest:Given Jose espera aprender mucho de pruebas de software [Jose open up [Jose opens the Page utest]]
[Test worker] WARN net.thucydides.core.steps.BaseStepListener - stepStarted: net.thucydides.core.steps.ExecutedStepDescription@58333e9a
[Test worker] WARN net.thucydides.core.steps.BaseStepListener - stepFinished: current outcome:Registro de Jose en plataforma Utest:Given Jose espera aprender mucho de pruebas de software [Jose open up [Jose opens the Page utest, Jose clicks on BotÃ³n para iniciar registro]]
[Test worker] WARN net.thucydides.core.steps.BaseStepListener - stepFinished: current outcome:Registro de Jose en plataforma Utest:Given Jose espera aprender mucho de pruebas de software [Jose open up [Jose opens the Page utest, Jose clicks on BotÃ³n para iniciar registro]]
[Test worker] WARN net.thucydides.core.steps.BaseStepListener - stepFinished: current outcome:Registro de Jose en plataforma Utest:Given Jose espera aprender mucho de pruebas de software [Jose open up [Jose opens the Page utest, Jose clicks on BotÃ³n para iniciar registro]]
[Test worker] WARN net.thucydides.core.steps.BaseStepListener - stepStarted: net.thucydides.core.steps.ExecutedStepDescription@23c51172
[Test worker] WARN net.thucydides.core.steps.BaseStepListener - stepStarted: net.thucydides.core.steps.ExecutedStepDescription@1f783060
[Test worker] WARN net.thucydides.core.steps.BaseStepListener - stepStarted: net.thucydides.core.steps.ExecutedStepDescription@56ae490f
[Test worker] WARN net.thucydides.core.steps.BaseStepListener - stepFinished: current outcome:Registro de Jose en plataforma Utest:Given Jose espera aprender mucho de pruebas de software [Jose open up [Jose opens the Page utest, Jose clicks on BotÃ³n para iniciar registro]], When Completara el formulario completo con sus datos
| strFirstName | strLastName | strEmail | strBirthMonth | strBirthDay | strBirthYear | strCity | strCodePostal | strCountry |
| Lionel | Messi | messi10@gmail.com | December | 14 | 1987 | Rio de Janeiro | 190004 | Brazil | [Jose llenar info personal [Jose enters 'Lionel' into First name]]
[Test worker] WARN net.thucydides.core.steps.BaseStepListener - stepStarted: net.thucydides.core.steps.ExecutedStepDescription@5370cf3e
[Test worker] WARN net.thucydides.core.steps.BaseStepListener - stepFinished: current outcome:Registro de Jose en plataforma Utest:Given Jose espera aprender mucho de pruebas de software [Jose open up [Jose opens the Page utest, Jose clicks on BotÃ³n para iniciar registro]], When Completara el formulario completo con sus datos
| strFirstName | strLastName | strEmail | strBirthMonth | strBirthDay | strBirthYear | strCity | strCodePostal | strCountry |
| Lionel | Messi | messi10@gmail.com | December | 14 | 1987 | Rio de Janeiro | 190004 | Brazil | [Jose llenar info personal [Jose enters 'Lionel' into First name, Jose enters 'Messi' into Last name]]
[Test worker] WARN net.thucydides.core.steps.BaseStepListener - stepStarted: net.thucydides.core.steps.ExecutedStepDescription@7cdfd1f
[Test worker] WARN net.thucydides.core.steps.BaseStepListener - stepFinished: current outcome:Registro de Jose en plataforma Utest:Given Jose espera aprender mucho de pruebas de software [Jose open up [Jose opens the Page utest, Jose clicks on BotÃ³n para iniciar registro]], When Completara el formulario completo con sus datos
| strFirstName | strLastName | strEmail | strBirthMonth | strBirthDay | strBirthYear | strCity | strCodePostal | strCountry |
| Lionel | Messi | messi10@gmail.com | December | 14 | 1987 | Rio de Janeiro | 190004 | Brazil | [Jose llenar info personal [Jose enters 'Lionel' into First name, Jose enters 'Messi' into Last name, Jose enters 'messi10@gmail.com' into Email]]
[Test worker] WARN net.thucydides.core.steps.BaseStepListener - stepStarted: net.thucydides.core.steps.ExecutedStepDescription@5ef2ea16
[Test worker] WARN net.thucydides.core.steps.BaseStepListener - stepFinished: current outcome:Registro de Jose en plataforma Utest:Given Jose espera aprender mucho de pruebas de software [Jose open up [Jose opens the Page utest, Jose clicks on BotÃ³n para iniciar registro]], When Completara el formulario completo con sus datos
| strFirstName | strLastName | strEmail | strBirthMonth | strBirthDay | strBirthYear | strCity | strCodePostal | strCountry |
| Lionel | Messi | messi10@gmail.com | December | 14 | 1987 | Rio de Janeiro | 190004 | Brazil | [Jose llenar info personal [Jose enters 'Lionel' into First name, Jose enters 'Messi' into Last name, Jose enters 'messi10@gmail.com' into Email, Jose select December on Birth Month]]
[Test worker] WARN net.thucydides.core.steps.BaseStepListener - stepStarted: net.thucydides.core.steps.ExecutedStepDescription@23b8f5fd
[Test worker] WARN net.thucydides.core.steps.BaseStepListener - stepFinished: current outcome:Registro de Jose en plataforma Utest:Given Jose espera aprender mucho de pruebas de software [Jose open up [Jose opens the Page utest, Jose clicks on BotÃ³n para iniciar registro]], When Completara el formulario completo con sus datos
| strFirstName | strLastName | strEmail | strBirthMonth | strBirthDay | strBirthYear | strCity | strCodePostal | strCountry |
| Lionel | Messi | messi10@gmail.com | December | 14 | 1987 | Rio de Janeiro | 190004 | Brazil | [Jose llenar info personal [Jose enters 'Lionel' into First name, Jose enters 'Messi' into Last name, Jose enters 'messi10@gmail.com' into Email, Jose select December on Birth Month, Jose select 14 on Birth Day]]
[Test worker] WARN net.thucydides.core.steps.BaseStepListener - stepStarted: net.thucydides.core.steps.ExecutedStepDescription@7b39e42a
[Test worker] WARN net.thucydides.core.steps.BaseStepListener - stepFinished: current outcome:Registro de Jose en plataforma Utest:Given Jose espera aprender mucho de pruebas de software [Jose open up [Jose opens the Page utest, Jose clicks on BotÃ³n para iniciar registro]], When Completara el formulario completo con sus datos
| strFirstName | strLastName | strEmail | strBirthMonth | strBirthDay | strBirthYear | strCity | strCodePostal | strCountry |
| Lionel | Messi | messi10@gmail.com | December | 14 | 1987 | Rio de Janeiro | 190004 | Brazil | [Jose llenar info personal [Jose enters 'Lionel' into First name, Jose enters 'Messi' into Last name, Jose enters 'messi10@gmail.com' into Email, Jose select December on Birth Month, Jose select 14 on Birth Day, Jose select 1987 on Birth Year]]
[Test worker] WARN net.thucydides.core.steps.BaseStepListener - stepStarted: net.thucydides.core.steps.ExecutedStepDescription@215e8944
[Test worker] WARN net.thucydides.core.steps.BaseStepListener - stepFinished: current outcome:Registro de Jose en plataforma Utest:Given Jose espera aprender mucho de pruebas de software [Jose open up [Jose opens the Page utest, Jose clicks on BotÃ³n para iniciar registro]], When Completara el formulario completo con sus datos
| strFirstName | strLastName | strEmail | strBirthMonth | strBirthDay | strBirthYear | strCity | strCodePostal | strCountry |
| Lionel | Messi | messi10@gmail.com | December | 14 | 1987 | Rio de Janeiro | 190004 | Brazil | [Jose llenar info personal [Jose enters 'Lionel' into First name, Jose enters 'Messi' into Last name, Jose enters 'messi10@gmail.com' into Email, Jose select December on Birth Month, Jose select 14 on Birth Day, Jose select 1987 on Birth Year, Jose clicks on Button next]]
[Test worker] WARN net.thucydides.core.steps.BaseStepListener - stepFinished: current outcome:Registro de Jose en plataforma Utest:Given Jose espera aprender mucho de pruebas de software [Jose open up [Jose opens the Page utest, Jose clicks on BotÃ³n para iniciar registro]], When Completara el formulario completo con sus datos
| strFirstName | strLastName | strEmail | strBirthMonth | strBirthDay | strBirthYear | strCity | strCodePostal | strCountry |
| Lionel | Messi | messi10@gmail.com | December | 14 | 1987 | Rio de Janeiro | 190004 | Brazil | [Jose llenar info personal [Jose enters 'Lionel' into First name, Jose enters 'Messi' into Last name, Jose enters 'messi10@gmail.com' into Email, Jose select December on Birth Month, Jose select 14 on Birth Day, Jose select 1987 on Birth Year, Jose clicks on Button next]]
[Test worker] WARN net.thucydides.core.steps.BaseStepListener - stepStarted: net.thucydides.core.steps.ExecutedStepDescription@78760118
[Test worker] WARN net.thucydides.core.steps.BaseStepListener - stepStarted: net.thucydides.core.steps.ExecutedStepDescription@78fe286c
[Test worker] WARN net.thucydides.core.steps.BaseStepListener - stepFinished: current outcome:Registro de Jose en plataforma Utest:Given Jose espera aprender mucho de pruebas de software [Jose open up [Jose opens the Page utest, Jose clicks on BotÃ³n para iniciar registro]], When Completara el formulario completo con sus datos
| strFirstName | strLastName | strEmail | strBirthMonth | strBirthDay | strBirthYear | strCity | strCodePostal | strCountry |
| Lionel | Messi | messi10@gmail.com | December | 14 | 1987 | Rio de Janeiro | 190004 | Brazil | [Jose llenar info personal [Jose enters 'Lionel' into First name, Jose enters 'Messi' into Last name, Jose enters 'messi10@gmail.com' into Email, Jose select December on Birth Month, Jose select 14 on Birth Day, Jose select 1987 on Birth Year, Jose clicks on Button next], Jose llenar ubication [Jose enters 'Rio de Janeiro' into City]]
[Test worker] WARN net.thucydides.core.steps.BaseStepListener - stepStarted: net.thucydides.core.steps.ExecutedStepDescription@3ebdcb78
[Test worker] WARN net.thucydides.core.steps.BaseStepListener - stepFinished: current outcome:Registro de Jose en plataforma Utest:Given Jose espera aprender mucho de pruebas de software [Jose open up [Jose opens the Page utest, Jose clicks on BotÃ³n para iniciar registro]], When Completara el formulario completo con sus datos
| strFirstName | strLastName | strEmail | strBirthMonth | strBirthDay | strBirthYear | strCity | strCodePostal | strCountry |
| Lionel | Messi | messi10@gmail.com | December | 14 | 1987 | Rio de Janeiro | 190004 | Brazil | [Jose llenar info personal [Jose enters 'Lionel' into First name, Jose enters 'Messi' into Last name, Jose enters 'messi10@gmail.com' into Email, Jose select December on Birth Month, Jose select 14 on Birth Day, Jose select 1987 on Birth Year, Jose clicks on Button next], Jose llenar ubication [Jose enters 'Rio de Janeiro' into City, Jose types 'ARROW_DOWN' in City]]
[Test worker] WARN net.thucydides.core.steps.BaseStepListener - stepStarted: net.thucydides.core.steps.ExecutedStepDescription@b3ea07d
[Test worker] WARN net.thucydides.core.steps.BaseStepListener - stepFinished: current outcome:Registro de Jose en plataforma Utest:Given Jose espera aprender mucho de pruebas de software [Jose open up [Jose opens the Page utest, Jose clicks on BotÃ³n para iniciar registro]], When Completara el formulario completo con sus datos
| strFirstName | strLastName | strEmail | strBirthMonth | strBirthDay | strBirthYear | strCity | strCodePostal | strCountry |
| Lionel | Messi | messi10@gmail.com | December | 14 | 1987 | Rio de Janeiro | 190004 | Brazil | [Jose llenar info personal [Jose enters 'Lionel' into First name, Jose enters 'Messi' into Last name, Jose enters 'messi10@gmail.com' into Email, Jose select December on Birth Month, Jose select 14 on Birth Day, Jose select 1987 on Birth Year, Jose clicks on Button next], Jose llenar ubication [Jose enters 'Rio de Janeiro' into City, Jose types 'ARROW_DOWN' in City, Jose types 'ENTER' in City]]
[Test worker] WARN net.thucydides.core.steps.BaseStepListener - stepStarted: net.thucydides.core.steps.ExecutedStepDescription@3a46fdfe
[Test worker] WARN net.thucydides.core.steps.BaseStepListener - stepFinished: current outcome:Registro de Jose en plataforma Utest:Given Jose espera aprender mucho de pruebas de software [Jose open up [Jose opens the Page utest, Jose clicks on BotÃ³n para iniciar registro]], When Completara el formulario completo con sus datos
| strFirstName | strLastName | strEmail | strBirthMonth | strBirthDay | strBirthYear | strCity | strCodePostal | strCountry |
| Lionel | Messi | messi10@gmail.com | December | 14 | 1987 | Rio de Janeiro | 190004 | Brazil | [Jose llenar info personal [Jose enters 'Lionel' into First name, Jose enters 'Messi' into Last name, Jose enters 'messi10@gmail.com' into Email, Jose select December on Birth Month, Jose select 14 on Birth Day, Jose select 1987 on Birth Year, Jose clicks on Button next], Jose llenar ubication [Jose enters 'Rio de Janeiro' into City, Jose types 'ARROW_DOWN' in City, Jose types 'ENTER' in City, Jose enters '190004' into Code Postal]]
[Test worker] WARN net.thucydides.core.steps.BaseStepListener - stepStarted: net.thucydides.core.steps.ExecutedStepDescription@6a2d94dc
[Test worker] WARN net.thucydides.core.steps.BaseStepListener - stepFinished: current outcome:Registro de Jose en plataforma Utest:Given Jose espera aprender mucho de pruebas de software [Jose open up [Jose opens the Page utest, Jose clicks on BotÃ³n para iniciar registro]], When Completara el formulario completo con sus datos
| strFirstName | strLastName | strEmail | strBirthMonth | strBirthDay | strBirthYear | strCity | strCodePostal | strCountry |
| Lionel | Messi | messi10@gmail.com | December | 14 | 1987 | Rio de Janeiro | 190004 | Brazil | [Jose llenar info personal [Jose enters 'Lionel' into First name, Jose enters 'Messi' into Last name, Jose enters 'messi10@gmail.com' into Email, Jose select December on Birth Month, Jose select 14 on Birth Day, Jose select 1987 on Birth Year, Jose clicks on Button next], Jose llenar ubication [Jose enters 'Rio de Janeiro' into City, Jose types 'ARROW_DOWN' in City, Jose types 'ENTER' in City, Jose enters '190004' into Code Postal, Jose clicks on Contenedor Country]]
[Test worker] WARN net.thucydides.core.steps.BaseStepListener - stepStarted: net.thucydides.core.steps.ExecutedStepDescription@20a26d59
[Test worker] WARN net.thucydides.core.steps.BaseStepListener - stepFinished: current outcome:Registro de Jose en plataforma Utest:Given Jose espera aprender mucho de pruebas de software [Jose open up [Jose opens the Page utest, Jose clicks on BotÃ³n para iniciar registro]], When Completara el formulario completo con sus datos
| strFirstName | strLastName | strEmail | strBirthMonth | strBirthDay | strBirthYear | strCity | strCodePostal | strCountry |
| Lionel | Messi | messi10@gmail.com | December | 14 | 1987 | Rio de Janeiro | 190004 | Brazil | [Jose llenar info personal [Jose enters 'Lionel' into First name, Jose enters 'Messi' into Last name, Jose enters 'messi10@gmail.com' into Email, Jose select December on Birth Month, Jose select 14 on Birth Day, Jose select 1987 on Birth Year, Jose clicks on Button next], Jose llenar ubication [Jose enters 'Rio de Janeiro' into City, Jose types 'ARROW_DOWN' in City, Jose types 'ENTER' in City, Jose enters '190004' into Code Postal, Jose clicks on Contenedor Country, Jose enters 'Brazil' then hits ARROW_DOWN and ENTER into Country]]
[Test worker] WARN net.thucydides.core.steps.BaseStepListener - stepStarted: net.thucydides.core.steps.ExecutedStepDescription@39253be4
[Test worker] WARN net.thucydides.core.steps.BaseStepListener - stepFinished: current outcome:Registro de Jose en plataforma Utest:Given Jose espera aprender mucho de pruebas de software [Jose open up [Jose opens the Page utest, Jose clicks on BotÃ³n para iniciar registro]], When Completara el formulario completo con sus datos
| strFirstName | strLastName | strEmail | strBirthMonth | strBirthDay | strBirthYear | strCity | strCodePostal | strCountry |
| Lionel | Messi | messi10@gmail.com | December | 14 | 1987 | Rio de Janeiro | 190004 | Brazil | [Jose llenar info personal [Jose enters 'Lionel' into First name, Jose enters 'Messi' into Last name, Jose enters 'messi10@gmail.com' into Email, Jose select December on Birth Month, Jose select 14 on Birth Day, Jose select 1987 on Birth Year, Jose clicks on Button next], Jose llenar ubication [Jose enters 'Rio de Janeiro' into City, Jose types 'ARROW_DOWN' in City, Jose types 'ENTER' in City, Jose enters '190004' into Code Postal, Jose clicks on Contenedor Country, Jose enters 'Brazil' then hits ARROW_DOWN and ENTER into Country, Jose clicks on Device Button]]
[Test worker] WARN net.thucydides.core.steps.BaseStepListener - stepFinished: current outcome:Registro de Jose en plataforma Utest:Given Jose espera aprender mucho de pruebas de software [Jose open up [Jose opens the Page utest, Jose clicks on BotÃ³n para iniciar registro]], When Completara el formulario completo con sus datos
| strFirstName | strLastName | strEmail | strBirthMonth | strBirthDay | strBirthYear | strCity | strCodePostal | strCountry |
| Lionel | Messi | messi10@gmail.com | December | 14 | 1987 | Rio de Janeiro | 190004 | Brazil | [Jose llenar info personal [Jose enters 'Lionel' into First name, Jose enters 'Messi' into Last name, Jose enters 'messi10@gmail.com' into Email, Jose select December on Birth Month, Jose select 14 on Birth Day, Jose select 1987 on Birth Year, Jose clicks on Button next], Jose llenar ubication [Jose enters 'Rio de Janeiro' into City, Jose types 'ARROW_DOWN' in City, Jose types 'ENTER' in City, Jose enters '190004' into Code Postal, Jose clicks on Contenedor Country, Jose enters 'Brazil' then hits ARROW_DOWN and ENTER into Country, Jose clicks on Device Button]]
[Test worker] WARN net.thucydides.core.steps.BaseStepListener - stepFinished: current outcome:Registro de Jose en plataforma Utest:Given Jose espera aprender mucho de pruebas de software [Jose open up [Jose opens the Page utest, Jose clicks on BotÃ³n para iniciar registro]], When Completara el formulario completo con sus datos
| strFirstName | strLastName | strEmail | strBirthMonth | strBirthDay | strBirthYear | strCity | strCodePostal | strCountry |
| Lionel | Messi | messi10@gmail.com | December | 14 | 1987 | Rio de Janeiro | 190004 | Brazil | [Jose llenar info personal [Jose enters 'Lionel' into First name, Jose enters 'Messi' into Last name, Jose enters 'messi10@gmail.com' into Email, Jose select December on Birth Month, Jose select 14 on Birth Day, Jose select 1987 on Birth Year, Jose clicks on Button next], Jose llenar ubication [Jose enters 'Rio de Janeiro' into City, Jose types 'ARROW_DOWN' in City, Jose types 'ENTER' in City, Jose enters '190004' into Code Postal, Jose clicks on Contenedor Country, Jose enters 'Brazil' then hits ARROW_DOWN and ENTER into Country, Jose clicks on Device Button]]
[Test worker] WARN net.thucydides.core.steps.BaseStepListener - stepStarted: net.thucydides.core.steps.ExecutedStepDescription@4de77440
[Test worker] WARN net.thucydides.core.steps.BaseStepListener - stepFinished: current outcome:Registro de Jose en plataforma Utest:Given Jose espera aprender mucho de pruebas de software [Jose open up [Jose opens the Page utest, Jose clicks on BotÃ³n para iniciar registro]], When Completara el formulario completo con sus datos
| strFirstName | strLastName | strEmail | strBirthMonth | strBirthDay | strBirthYear | strCity | strCodePostal | strCountry |
| Lionel | Messi | messi10@gmail.com | December | 14 | 1987 | Rio de Janeiro | 190004 | Brazil | [Jose llenar info personal [Jose enters 'Lionel' into First name, Jose enters 'Messi' into Last name, Jose enters 'messi10@gmail.com' into Email, Jose select December on Birth Month, Jose select 14 on Birth Day, Jose select 1987 on Birth Year, Jose clicks on Button next], Jose llenar ubication [Jose enters 'Rio de Janeiro' into City, Jose types 'ARROW_DOWN' in City, Jose types 'ENTER' in City, Jose enters '190004' into Code Postal, Jose clicks on Contenedor Country, Jose enters 'Brazil' then hits ARROW_DOWN and ENTER into Country, Jose clicks on Device Button]], Then Finaliza el registro al completar los formularios
[Test worker] WARN net.thucydides.core.steps.BaseStepListener - testFinished: Registro de Jose en plataforma Utest:Given Jose espera aprender mucho de pruebas de software [Jose open up [Jose opens the Page utest, Jose clicks on BotÃ³n para iniciar registro]], When Completara el formulario completo con sus datos
| strFirstName | strLastName | strEmail | strBirthMonth | strBirthDay | strBirthYear | strCity | strCodePostal | strCountry |
| Lionel | Messi | messi10@gmail.com | December | 14 | 1987 | Rio de Janeiro | 190004 | Brazil | [Jose llenar info personal [Jose enters 'Lionel' into First name, Jose enters 'Messi' into Last name, Jose enters 'messi10@gmail.com' into Email, Jose select December on Birth Month, Jose select 14 on Birth Day, Jose select 1987 on Birth Year, Jose clicks on Button next], Jose llenar ubication [Jose enters 'Rio de Janeiro' into City, Jose types 'ARROW_DOWN' in City, Jose types 'ENTER' in City, Jose enters '190004' into Code Postal, Jose clicks on Contenedor Country, Jose enters 'Brazil' then hits ARROW_DOWN and ENTER into Country, Jose clicks on Device Button]], Then Finaliza el registro al completar los formularios
[Test worker] WARN net.thucydides.core.steps.BaseStepListener - TestOutcomes: [Registro de Jose en plataforma Utest:Given Jose espera aprender mucho de pruebas de software [Jose open up [Jose opens the Page utest, Jose clicks on BotÃ³n para iniciar registro]], When Completara el formulario completo con sus datos
| strFirstName | strLastName | strEmail | strBirthMonth | strBirthDay | strBirthYear | strCity | strCodePostal | strCountry |
| Lionel | Messi | messi10@gmail.com | December | 14 | 1987 | Rio de Janeiro | 190004 | Brazil | [Jose llenar info personal [Jose enters 'Lionel' into First name, Jose enters 'Messi' into Last name, Jose enters 'messi10@gmail.com' into Email, Jose select December on Birth Month, Jose select 14 on Birth Day, Jose select 1987 on Birth Year, Jose clicks on Button next], Jose llenar ubication [Jose enters 'Rio de Janeiro' into City, Jose types 'ARROW_DOWN' in City, Jose types 'ENTER' in City, Jose enters '190004' into Code Postal, Jose clicks on Contenedor Country, Jose enters 'Brazil' then hits ARROW_DOWN and ENTER into Country, Jose clicks on Device Button]], Then Finaliza el registro al completar los formularios]
[Test worker] WARN net.thucydides.core.steps.BaseStepListener - Final testOutcomes: [Registro de Jose en plataforma Utest:Given Jose espera aprender mucho de pruebas de software [Jose open up [Jose opens the Page utest, Jose clicks on BotÃ³n para iniciar registro]], When Completara el formulario completo con sus datos
| strFirstName | strLastName | strEmail | strBirthMonth | strBirthDay | strBirthYear | strCity | strCodePostal | strCountry |
| Lionel | Messi | messi10@gmail.com | December | 14 | 1987 | Rio de Janeiro | 190004 | Brazil | [Jose llenar info personal [Jose enters 'Lionel' into First name, Jose enters 'Messi' into Last name, Jose enters 'messi10@gmail.com' into Email, Jose select December on Birth Month, Jose select 14 on Birth Day, Jose select 1987 on Birth Year, Jose clicks on Button next], Jose llenar ubication [Jose enters 'Rio de Janeiro' into City, Jose types 'ARROW_DOWN' in City, Jose types 'ENTER' in City, Jose enters '190004' into Code Postal, Jose clicks on Contenedor Country, Jose enters 'Brazil' then hits ARROW_DOWN and ENTER into Country, Jose clicks on Device Button]], Then Finaliza el registro al completar los formularios]
[Test worker] INFO net.thucydides.core.steps.ConsoleLoggingListener - 
        __    _____ _____ ____ _____   ____   _    ____  ____  _____ ____  
  _     \ \  |_   _| ____/ ___|_   _| |  _ \ / \  / ___|/ ___|| ____|  _ \ 
 (_)_____| |   | | |  _| \___ \ | |   | |_) / _ \ \___ \\___ \|  _| | | | |
  _|_____| |   | | | |___ ___) || |   |  __/ ___ \ ___) |___) | |___| |_| |
 (_)     | |   |_| |_____|____/ |_|   |_| /_/   \_\____/|____/|_____|____/ 
        /_/                                                                

TEST PASSED: Registro de Jose en plataforma Utest
----------------------------------------------------------------------------
]]></system-err>
</testsuite>
